# JRE version: Java(TM) SE Runtime Environment (8.0_101-b13) (build 1.8.0_101-b13)
# Java VM: Java HotSpot(TM) 64-Bit Server VM (25.101-b13 mixed mode windows-amd64 compressed oops)
Heap:
 PSYoungGen      total 274944K, used 72179K [0x00000000d5580000, 0x00000000f4a80000, 0x0000000100000000)
  eden space 253440K, 28% used [0x00000000d5580000,0x00000000d9bfce38,0x00000000e4d00000)
  from space 21504K, 0% used [0x00000000e4d00000,0x00000000e4d00000,0x00000000e6200000)
  to   space 21504K, 0% used [0x00000000f3580000,0x00000000f3580000,0x00000000f4a80000)
 ParOldGen       total 349696K, used 22224K [0x0000000080000000, 0x0000000095580000, 0x00000000d5580000)
  object space 349696K, 6% used [0x0000000080000000,0x00000000815b4188,0x0000000095580000)
 Metaspace       used 37613K, capacity 38198K, committed 38528K, reserved 1083392K
  class space    used 5206K, capacity 5395K, committed 5504K, reserved 1048576K
GC Heap History (10 events):
Event: 5.652 GC heap before
{Heap before GC invocations=1 (full 0):
 PSYoungGen      total 153088K, used 128706K [0x00000000d5580000, 0x00000000e0000000, 0x0000000100000000)
  eden space 131584K, 97% used [0x00000000d5580000,0x00000000dd330908,0x00000000dd600000)
  from space 21504K, 0% used [0x00000000deb00000,0x00000000deb00000,0x00000000e0000000)
  to   space 21504K, 0% used [0x00000000dd600000,0x00000000dd600000,0x00000000deb00000)
 ParOldGen       total 349696K, used 0K [0x0000000080000000, 0x0000000095580000, 0x00000000d5580000)
  object space 349696K, 0% used [0x0000000080000000,0x0000000080000000,0x0000000095580000)
 Metaspace       used 20846K, capacity 21134K, committed 21248K, reserved 1067008K
  class space    used 2867K, capacity 2970K, committed 3072K, reserved 1048576K
Event: 6.043 GC heap after
Heap after GC invocations=1 (full 0):
 PSYoungGen      total 153088K, used 17639K [0x00000000d5580000, 0x00000000e8080000, 0x0000000100000000)
  eden space 131584K, 0% used [0x00000000d5580000,0x00000000d5580000,0x00000000dd600000)
  from space 21504K, 82% used [0x00000000dd600000,0x00000000de739ce0,0x00000000deb00000)
  to   space 21504K, 0% used [0x00000000e6b80000,0x00000000e6b80000,0x00000000e8080000)
 ParOldGen       total 349696K, used 16K [0x0000000080000000, 0x0000000095580000, 0x00000000d5580000)
  object space 349696K, 0% used [0x0000000080000000,0x0000000080004000,0x0000000095580000)
 Metaspace       used 20846K, capacity 21134K, committed 21248K, reserved 1067008K
  class space    used 2867K, capacity 2970K, committed 3072K, reserved 1048576K
}
Event: 6.043 GC heap before
{Heap before GC invocations=2 (full 1):
 PSYoungGen      total 153088K, used 17639K [0x00000000d5580000, 0x00000000e8080000, 0x0000000100000000)
  eden space 131584K, 0% used [0x00000000d5580000,0x00000000d5580000,0x00000000dd600000)
  from space 21504K, 82% used [0x00000000dd600000,0x00000000de739ce0,0x00000000deb00000)
  to   space 21504K, 0% used [0x00000000e6b80000,0x00000000e6b80000,0x00000000e8080000)
 ParOldGen       total 349696K, used 16K [0x0000000080000000, 0x0000000095580000, 0x00000000d5580000)
  object space 349696K, 0% used [0x0000000080000000,0x0000000080004000,0x0000000095580000)
 Metaspace       used 20846K, capacity 21134K, committed 21248K, reserved 1067008K
  class space    used 2867K, capacity 2970K, committed 3072K, reserved 1048576K
Event: 6.113 GC heap after
Heap after GC invocations=2 (full 1):
 PSYoungGen      total 153088K, used 0K [0x00000000d5580000, 0x00000000e8080000, 0x0000000100000000)
  eden space 131584K, 0% used [0x00000000d5580000,0x00000000d5580000,0x00000000dd600000)
  from space 21504K, 0% used [0x00000000dd600000,0x00000000dd600000,0x00000000deb00000)
  to   space 21504K, 0% used [0x00000000e6b80000,0x00000000e6b80000,0x00000000e8080000)
 ParOldGen       total 349696K, used 17116K [0x0000000080000000, 0x0000000095580000, 0x00000000d5580000)
  object space 349696K, 4% used [0x0000000080000000,0x00000000810b7198,0x0000000095580000)
 Metaspace       used 20846K, capacity 21134K, committed 21248K, reserved 1067008K
  class space    used 2867K, capacity 2970K, committed 3072K, reserved 1048576K
}
Event: 7.827 GC heap before
{Heap before GC invocations=3 (full 1):
 PSYoungGen      total 153088K, used 131584K [0x00000000d5580000, 0x00000000e8080000, 0x0000000100000000)
  eden space 131584K, 100% used [0x00000000d5580000,0x00000000dd600000,0x00000000dd600000)
  from space 21504K, 0% used [0x00000000dd600000,0x00000000dd600000,0x00000000deb00000)
  to   space 21504K, 0% used [0x00000000e6b80000,0x00000000e6b80000,0x00000000e8080000)
 ParOldGen       total 349696K, used 17116K [0x0000000080000000, 0x0000000095580000, 0x00000000d5580000)
  object space 349696K, 4% used [0x0000000080000000,0x00000000810b7198,0x0000000095580000)
 Metaspace       used 26554K, capacity 27002K, committed 27136K, reserved 1073152K
  class space    used 3703K, capacity 3832K, committed 3840K, reserved 1048576K
Event: 8.136 GC heap after
Heap after GC invocations=3 (full 1):
 PSYoungGen      total 262144K, used 11440K [0x00000000d5580000, 0x00000000e7700000, 0x0000000100000000)
  eden space 250368K, 0% used [0x00000000d5580000,0x00000000d5580000,0x00000000e4a00000)
  from space 11776K, 97% used [0x00000000e6b80000,0x00000000e76ac2f8,0x00000000e7700000)
  to   space 21504K, 0% used [0x00000000e4d00000,0x00000000e4d00000,0x00000000e6200000)
 ParOldGen       total 349696K, used 17116K [0x0000000080000000, 0x0000000095580000, 0x00000000d5580000)
  object space 349696K, 4% used [0x0000000080000000,0x00000000810b7198,0x0000000095580000)
 Metaspace       used 26554K, capacity 27002K, committed 27136K, reserved 1073152K
  class space    used 3703K, capacity 3832K, committed 3840K, reserved 1048576K
}
Event: 9.737 GC heap before
{Heap before GC invocations=4 (full 1):
 PSYoungGen      total 262144K, used 83873K [0x00000000d5580000, 0x00000000e7700000, 0x0000000100000000)
  eden space 250368K, 28% used [0x00000000d5580000,0x00000000d9c3c170,0x00000000e4a00000)
  from space 11776K, 97% used [0x00000000e6b80000,0x00000000e76ac2f8,0x00000000e7700000)
  to   space 21504K, 0% used [0x00000000e4d00000,0x00000000e4d00000,0x00000000e6200000)
 ParOldGen       total 349696K, used 17116K [0x0000000080000000, 0x0000000095580000, 0x00000000d5580000)
  object space 349696K, 4% used [0x0000000080000000,0x00000000810b7198,0x0000000095580000)
 Metaspace       used 34837K, capacity 35294K, committed 35416K, reserved 1079296K
  class space    used 4918K, capacity 5081K, committed 5120K, reserved 1048576K
Event: 9.784 GC heap after
Heap after GC invocations=4 (full 1):
 PSYoungGen      total 274944K, used 15154K [0x00000000d5580000, 0x00000000f4a80000, 0x0000000100000000)
  eden space 253440K, 0% used [0x00000000d5580000,0x00000000d5580000,0x00000000e4d00000)
  from space 21504K, 70% used [0x00000000e4d00000,0x00000000e5bccbf8,0x00000000e6200000)
  to   space 21504K, 0% used [0x00000000f3580000,0x00000000f3580000,0x00000000f4a80000)
 ParOldGen       total 349696K, used 17188K [0x0000000080000000, 0x0000000095580000, 0x00000000d5580000)
  object space 349696K, 4% used [0x0000000080000000,0x00000000810c91a8,0x0000000095580000)
 Metaspace       used 34837K, capacity 35294K, committed 35416K, reserved 1079296K
  class space    used 4918K, capacity 5081K, committed 5120K, reserved 1048576K
}
Event: 9.784 GC heap before
{Heap before GC invocations=5 (full 2):
 PSYoungGen      total 274944K, used 15154K [0x00000000d5580000, 0x00000000f4a80000, 0x0000000100000000)
  eden space 253440K, 0% used [0x00000000d5580000,0x00000000d5580000,0x00000000e4d00000)
  from space 21504K, 70% used [0x00000000e4d00000,0x00000000e5bccbf8,0x00000000e6200000)
  to   space 21504K, 0% used [0x00000000f3580000,0x00000000f3580000,0x00000000f4a80000)
 ParOldGen       total 349696K, used 17188K [0x0000000080000000, 0x0000000095580000, 0x00000000d5580000)
  object space 349696K, 4% used [0x0000000080000000,0x00000000810c91a8,0x0000000095580000)
 Metaspace       used 34837K, capacity 35294K, committed 35416K, reserved 1079296K
  class space    used 4918K, capacity 5081K, committed 5120K, reserved 1048576K
Event: 9.904 GC heap after
Heap after GC invocations=5 (full 2):
 PSYoungGen      total 274944K, used 0K [0x00000000d5580000, 0x00000000f4a80000, 0x0000000100000000)
  eden space 253440K, 0% used [0x00000000d5580000,0x00000000d5580000,0x00000000e4d00000)
  from space 21504K, 0% used [0x00000000e4d00000,0x00000000e4d00000,0x00000000e6200000)
  to   space 21504K, 0% used [0x00000000f3580000,0x00000000f3580000,0x00000000f4a80000)
 ParOldGen       total 349696K, used 22224K [0x0000000080000000, 0x0000000095580000, 0x00000000d5580000)
  object space 349696K, 6% used [0x0000000080000000,0x00000000815b4188,0x0000000095580000)
 Metaspace       used 34837K, capacity 35294K, committed 35416K, reserved 1079296K
  class space    used 4918K, capacity 5081K, committed 5120K, reserved 1048576K
}

