# JRE version: Java(TM) SE Runtime Environment (8.0_101-b13) (build 1.8.0_101-b13)
# Java VM: Java HotSpot(TM) 64-Bit Server VM (25.101-b13 mixed mode windows-amd64 compressed oops)
Heap:
 PSYoungGen      total 153088K, used 66678K [0x00000000d5580000, 0x00000000e8080000, 0x0000000100000000)
  eden space 131584K, 50% used [0x00000000d5580000,0x00000000d969d940,0x00000000dd600000)
  from space 21504K, 0% used [0x00000000dd600000,0x00000000dd600000,0x00000000deb00000)
  to   space 21504K, 0% used [0x00000000e6b80000,0x00000000e6b80000,0x00000000e8080000)
 ParOldGen       total 349696K, used 17112K [0x0000000080000000, 0x0000000095580000, 0x00000000d5580000)
  object space 349696K, 4% used [0x0000000080000000,0x00000000810b61b0,0x0000000095580000)
 Metaspace       used 24887K, capacity 25312K, committed 25728K, reserved 1071104K
  class space    used 3429K, capacity 3595K, committed 3712K, reserved 1048576K
GC Heap History (4 events):
Event: 5.868 GC heap before
{Heap before GC invocations=1 (full 0):
 PSYoungGen      total 153088K, used 127683K [0x00000000d5580000, 0x00000000e0000000, 0x0000000100000000)
  eden space 131584K, 97% used [0x00000000d5580000,0x00000000dd230f78,0x00000000dd600000)
  from space 21504K, 0% used [0x00000000deb00000,0x00000000deb00000,0x00000000e0000000)
  to   space 21504K, 0% used [0x00000000dd600000,0x00000000dd600000,0x00000000deb00000)
 ParOldGen       total 349696K, used 0K [0x0000000080000000, 0x0000000095580000, 0x00000000d5580000)
  object space 349696K, 0% used [0x0000000080000000,0x0000000080000000,0x0000000095580000)
 Metaspace       used 20839K, capacity 21122K, committed 21248K, reserved 1067008K
  class space    used 2865K, capacity 2968K, committed 3072K, reserved 1048576K
Event: 5.950 GC heap after
Heap after GC invocations=1 (full 0):
 PSYoungGen      total 153088K, used 17709K [0x00000000d5580000, 0x00000000e8080000, 0x0000000100000000)
  eden space 131584K, 0% used [0x00000000d5580000,0x00000000d5580000,0x00000000dd600000)
  from space 21504K, 82% used [0x00000000dd600000,0x00000000de74b6e0,0x00000000deb00000)
  to   space 21504K, 0% used [0x00000000e6b80000,0x00000000e6b80000,0x00000000e8080000)
 ParOldGen       total 349696K, used 16K [0x0000000080000000, 0x0000000095580000, 0x00000000d5580000)
  object space 349696K, 0% used [0x0000000080000000,0x0000000080004000,0x0000000095580000)
 Metaspace       used 20839K, capacity 21122K, committed 21248K, reserved 1067008K
  class space    used 2865K, capacity 2968K, committed 3072K, reserved 1048576K
}
Event: 5.950 GC heap before
{Heap before GC invocations=2 (full 1):
 PSYoungGen      total 153088K, used 17709K [0x00000000d5580000, 0x00000000e8080000, 0x0000000100000000)
  eden space 131584K, 0% used [0x00000000d5580000,0x00000000d5580000,0x00000000dd600000)
  from space 21504K, 82% used [0x00000000dd600000,0x00000000de74b6e0,0x00000000deb00000)
  to   space 21504K, 0% used [0x00000000e6b80000,0x00000000e6b80000,0x00000000e8080000)
 ParOldGen       total 349696K, used 16K [0x0000000080000000, 0x0000000095580000, 0x00000000d5580000)
  object space 349696K, 0% used [0x0000000080000000,0x0000000080004000,0x0000000095580000)
 Metaspace       used 20839K, capacity 21122K, committed 21248K, reserved 1067008K
  class space    used 2865K, capacity 2968K, committed 3072K, reserved 1048576K
Event: 6.124 GC heap after
Heap after GC invocations=2 (full 1):
 PSYoungGen      total 153088K, used 0K [0x00000000d5580000, 0x00000000e8080000, 0x0000000100000000)
  eden space 131584K, 0% used [0x00000000d5580000,0x00000000d5580000,0x00000000dd600000)
  from space 21504K, 0% used [0x00000000dd600000,0x00000000dd600000,0x00000000deb00000)
  to   space 21504K, 0% used [0x00000000e6b80000,0x00000000e6b80000,0x00000000e8080000)
 ParOldGen       total 349696K, used 17112K [0x0000000080000000, 0x0000000095580000, 0x00000000d5580000)
  object space 349696K, 4% used [0x0000000080000000,0x00000000810b61b0,0x0000000095580000)
 Metaspace       used 20839K, capacity 21122K, committed 21248K, reserved 1067008K
  class space    used 2865K, capacity 2968K, committed 3072K, reserved 1048576K
}

